# JRE version: OpenJDK Runtime Environment (11.0.10) (build 11.0.10+0-b96-7249189)
# Java VM: OpenJDK 64-Bit Server VM (11.0.10+0-b96-7249189, mixed mode, tiered, compressed oops, g1 gc, windows-amd64)
Heap:
 garbage-first heap   total 92160K, used 48321K [0x0000000080000000, 0x0000000100000000)
  region size 1024K, 2 young (2048K), 2 survivors (2048K)
 Metaspace       used 42206K, capacity 43375K, committed 43520K, reserved 1087488K
  class space    used 5380K, capacity 5805K, committed 5888K, reserved 1048576K
GC Heap History (20 events):
Event: 32.612 GC heap after
{Heap after GC invocations=43 (full 0):
 garbage-first heap   total 63488K, used 47472K [0x0000000080000000, 0x0000000100000000)
  region size 1024K, 1 young (1024K), 1 survivors (1024K)
 Metaspace       used 42181K, capacity 43311K, committed 43520K, reserved 1087488K
  class space    used 5380K, capacity 5805K, committed 5888K, reserved 1048576K
}
Event: 32.669 GC heap before
{Heap before GC invocations=43 (full 0):
 garbage-first heap   total 63488K, used 50544K [0x0000000080000000, 0x0000000100000000)
  region size 1024K, 5 young (5120K), 1 survivors (1024K)
 Metaspace       used 42181K, capacity 43311K, committed 43520K, reserved 1087488K
  class space    used 5380K, capacity 5805K, committed 5888K, reserved 1048576K
}
Event: 32.672 GC heap after
{Heap after GC invocations=44 (full 0):
 garbage-first heap   total 63488K, used 47618K [0x0000000080000000, 0x0000000100000000)
  region size 1024K, 1 young (1024K), 1 survivors (1024K)
 Metaspace       used 42181K, capacity 43311K, committed 43520K, reserved 1087488K
  class space    used 5380K, capacity 5805K, committed 5888K, reserved 1048576K
}
Event: 32.711 GC heap before
{Heap before GC invocations=44 (full 0):
 garbage-first heap   total 63488K, used 51714K [0x0000000080000000, 0x0000000100000000)
  region size 1024K, 5 young (5120K), 1 survivors (1024K)
 Metaspace       used 42181K, capacity 43311K, committed 43520K, reserved 1087488K
  class space    used 5380K, capacity 5805K, committed 5888K, reserved 1048576K
}
Event: 32.713 GC heap after
{Heap after GC invocations=45 (full 0):
 garbage-first heap   total 63488K, used 47343K [0x0000000080000000, 0x0000000100000000)
  region size 1024K, 1 young (1024K), 1 survivors (1024K)
 Metaspace       used 42181K, capacity 43311K, committed 43520K, reserved 1087488K
  class space    used 5380K, capacity 5805K, committed 5888K, reserved 1048576K
}
Event: 32.895 GC heap before
{Heap before GC invocations=46 (full 0):
 garbage-first heap   total 63488K, used 51439K [0x0000000080000000, 0x0000000100000000)
  region size 1024K, 5 young (5120K), 1 survivors (1024K)
 Metaspace       used 42183K, capacity 43311K, committed 43520K, reserved 1087488K
  class space    used 5380K, capacity 5805K, committed 5888K, reserved 1048576K
}
Event: 32.897 GC heap after
{Heap after GC invocations=47 (full 0):
 garbage-first heap   total 63488K, used 47385K [0x0000000080000000, 0x0000000100000000)
  region size 1024K, 1 young (1024K), 1 survivors (1024K)
 Metaspace       used 42183K, capacity 43311K, committed 43520K, reserved 1087488K
  class space    used 5380K, capacity 5805K, committed 5888K, reserved 1048576K
}
Event: 33.568 GC heap before
{Heap before GC invocations=47 (full 0):
 garbage-first heap   total 63488K, used 51481K [0x0000000080000000, 0x0000000100000000)
  region size 1024K, 5 young (5120K), 1 survivors (1024K)
 Metaspace       used 42183K, capacity 43311K, committed 43520K, reserved 1087488K
  class space    used 5380K, capacity 5805K, committed 5888K, reserved 1048576K
}
Event: 33.570 GC heap after
{Heap after GC invocations=48 (full 0):
 garbage-first heap   total 76800K, used 47509K [0x0000000080000000, 0x0000000100000000)
  region size 1024K, 1 young (1024K), 1 survivors (1024K)
 Metaspace       used 42183K, capacity 43311K, committed 43520K, reserved 1087488K
  class space    used 5380K, capacity 5805K, committed 5888K, reserved 1048576K
}
Event: 34.391 GC heap before
{Heap before GC invocations=49 (full 0):
 garbage-first heap   total 76800K, used 59797K [0x0000000080000000, 0x0000000100000000)
  region size 1024K, 13 young (13312K), 1 survivors (1024K)
 Metaspace       used 42186K, capacity 43375K, committed 43520K, reserved 1087488K
  class space    used 5380K, capacity 5805K, committed 5888K, reserved 1048576K
}
Event: 34.395 GC heap after
{Heap after GC invocations=50 (full 0):
 garbage-first heap   total 76800K, used 47605K [0x0000000080000000, 0x0000000100000000)
  region size 1024K, 1 young (1024K), 1 survivors (1024K)
 Metaspace       used 42186K, capacity 43375K, committed 43520K, reserved 1087488K
  class space    used 5380K, capacity 5805K, committed 5888K, reserved 1048576K
}
Event: 34.857 GC heap before
{Heap before GC invocations=50 (full 0):
 garbage-first heap   total 76800K, used 60917K [0x0000000080000000, 0x0000000100000000)
  region size 1024K, 15 young (15360K), 1 survivors (1024K)
 Metaspace       used 42186K, capacity 43375K, committed 43520K, reserved 1087488K
  class space    used 5380K, capacity 5805K, committed 5888K, reserved 1048576K
}
Event: 34.860 GC heap after
{Heap after GC invocations=51 (full 0):
 garbage-first heap   total 76800K, used 47750K [0x0000000080000000, 0x0000000100000000)
  region size 1024K, 1 young (1024K), 1 survivors (1024K)
 Metaspace       used 42186K, capacity 43375K, committed 43520K, reserved 1087488K
  class space    used 5380K, capacity 5805K, committed 5888K, reserved 1048576K
}
Event: 35.346 GC heap before
{Heap before GC invocations=52 (full 0):
 garbage-first heap   total 76800K, used 62086K [0x0000000080000000, 0x0000000100000000)
  region size 1024K, 15 young (15360K), 1 survivors (1024K)
 Metaspace       used 42197K, capacity 43375K, committed 43520K, reserved 1087488K
  class space    used 5380K, capacity 5805K, committed 5888K, reserved 1048576K
}
Event: 35.349 GC heap after
{Heap after GC invocations=53 (full 0):
 garbage-first heap   total 76800K, used 47714K [0x0000000080000000, 0x0000000100000000)
  region size 1024K, 1 young (1024K), 1 survivors (1024K)
 Metaspace       used 42197K, capacity 43375K, committed 43520K, reserved 1087488K
  class space    used 5380K, capacity 5805K, committed 5888K, reserved 1048576K
}
Event: 35.729 GC heap before
{Heap before GC invocations=53 (full 0):
 garbage-first heap   total 76800K, used 62050K [0x0000000080000000, 0x0000000100000000)
  region size 1024K, 15 young (15360K), 1 survivors (1024K)
 Metaspace       used 42206K, capacity 43375K, committed 43520K, reserved 1087488K
  class space    used 5380K, capacity 5805K, committed 5888K, reserved 1048576K
}
Event: 35.732 GC heap after
{Heap after GC invocations=54 (full 0):
 garbage-first heap   total 76800K, used 47940K [0x0000000080000000, 0x0000000100000000)
  region size 1024K, 1 young (1024K), 1 survivors (1024K)
 Metaspace       used 42206K, capacity 43375K, committed 43520K, reserved 1087488K
  class space    used 5380K, capacity 5805K, committed 5888K, reserved 1048576K
}
Event: 36.274 GC heap before
{Heap before GC invocations=55 (full 0):
 garbage-first heap   total 76800K, used 62276K [0x0000000080000000, 0x0000000100000000)
  region size 1024K, 15 young (15360K), 1 survivors (1024K)
 Metaspace       used 42206K, capacity 43375K, committed 43520K, reserved 1087488K
  class space    used 5380K, capacity 5805K, committed 5888K, reserved 1048576K
}
Event: 36.278 GC heap after
{Heap after GC invocations=56 (full 0):
 garbage-first heap   total 76800K, used 48033K [0x0000000080000000, 0x0000000100000000)
  region size 1024K, 1 young (1024K), 1 survivors (1024K)
 Metaspace       used 42206K, capacity 43375K, committed 43520K, reserved 1087488K
  class space    used 5380K, capacity 5805K, committed 5888K, reserved 1048576K
}
Event: 37.497 GC heap before
{Heap before GC invocations=56 (full 0):
 garbage-first heap   total 76800K, used 62369K [0x0000000080000000, 0x0000000100000000)
  region size 1024K, 15 young (15360K), 1 survivors (1024K)
 Metaspace       used 42206K, capacity 43375K, committed 43520K, reserved 1087488K
  class space    used 5380K, capacity 5805K, committed 5888K, reserved 1048576K
}

